Base path: C:/Program Files (x86)/Unity/Editor/Data
Pipe name: \\.\pipe\UnityShaderCompiler-1-7348
Cmd: getPlatforms
Cmd: preprocess
  insize=1095 outsize=1001 ok=1
Cmd: preprocess
  insize=766 outsize=709 ok=1
Cmd: preprocess
  insize=1107 outsize=1013 ok=1
Cmd: preprocess
  insize=755 outsize=698 ok=1
Cmd: preprocess
  insize=757 outsize=700 ok=1
Cmd: preprocess
  insize=1113 outsize=1019 ok=1
Cmd: preprocess
  insize=662 outsize=1282 ok=1
Cmd: preprocess
  insize=662 outsize=605 ok=1
Cmd: preprocess
  insize=870 outsize=777 ok=1
Cmd: preprocess
  insize=769 outsize=712 ok=1
Cmd: preprocess
  insize=1093 outsize=999 ok=1
